[2025-12-09 01:01:17] [INFO] => webhook set succsesfuly
[2025-12-09 01:01:17] [INFO] => config bot handlers
[2025-12-09 01:01:17] [INFO] => Router.include_router() missing 1 required positional argument: 'router'
[2025-12-09 01:02:55] [INFO] => webhook set succsesfuly
[2025-12-09 01:02:55] [INFO] => config bot handlers
[2025-12-09 01:02:55] [INFO] => Router.include_router() missing 1 required positional argument: 'router'
[2025-12-09 01:02:55] [INFO] => Processed:95068402
[2025-12-09 01:03:01] [INFO] => Processed:95068403
[2025-12-09 01:03:24] [INFO] => Processed:95068404
[2025-12-09 01:11:24] [INFO] => webhook set succsesfuly
[2025-12-09 01:11:24] [INFO] => config bot handlers
[2025-12-09 01:11:24] [INFO] => Router.include_router() missing 1 required positional argument: 'router'
[2025-12-09 01:11:54] [INFO] => Processed:95068405
[2025-12-09 01:38:52] [INFO] => Processed:95068406
[2025-12-09 01:39:24] [INFO] => webhook set succsesfuly
[2025-12-09 01:39:24] [INFO] => config bot handlers
[2025-12-09 01:39:24] [INFO] => 'list' object is not callable
[2025-12-09 01:40:35] [INFO] => webhook set succsesfuly
[2025-12-09 01:40:35] [INFO] => config bot handlers
[2025-12-09 01:40:35] [INFO] => 'list' object is not callable
[2025-12-09 01:40:53] [INFO] => webhook set succsesfuly
[2025-12-09 01:40:53] [INFO] => config bot handlers
[2025-12-09 01:40:53] [INFO] => 'list' object is not callable
[2025-12-09 01:41:44] [INFO] => webhook set succsesfuly
[2025-12-09 01:41:44] [INFO] => config bot handlers
[2025-12-09 01:41:44] [INFO] => 'list' object is not callable
[2025-12-09 01:42:15] [INFO] => webhook set succsesfuly
[2025-12-09 01:42:15] [INFO] => config bot handlers
[2025-12-09 01:42:15] [INFO] => 'list' object is not callable
[2025-12-09 01:44:20] [INFO] => webhook set succsesfuly
[2025-12-09 01:44:20] [INFO] => config bot handlers
[2025-12-09 01:44:20] [INFO] => Router.__init__() takes 1 positional argument but 2 were given
[2025-12-09 01:45:18] [INFO] => webhook set succsesfuly
[2025-12-09 01:45:18] [INFO] => config bot handlers
[2025-12-09 01:45:18] [INFO] => Router.__init__() takes 1 positional argument but 2 were given
[2025-12-09 01:46:31] [INFO] => webhook set succsesfuly
[2025-12-09 01:46:31] [INFO] => config bot handlers
[2025-12-09 01:46:31] [INFO] => Router.__init__() takes 1 positional argument but 2 were given
[2025-12-09 01:47:28] [INFO] => webhook set succsesfuly
[2025-12-09 01:47:28] [INFO] => config bot handlers
[2025-12-09 01:47:28] [INFO] => Router.__init__() takes 1 positional argument but 2 were given
[2025-12-09 01:47:41] [INFO] => Processed:95068407
[2025-12-09 01:47:59] [INFO] => Processed:95068408
[2025-12-09 01:53:44] [INFO] => HTTP Client says - ClientConnectorDNSError: Cannot connect to host api.telegram.org:443 ssl:default [getaddrinfo failed]
[2025-12-09 01:56:08] [INFO] => webhook set succsesfuly
[2025-12-09 01:56:08] [INFO] => Router.__init__() takes 1 positional argument but 2 were given
[2025-12-09 01:56:16] [INFO] => Processed:95068409
[2025-12-09 01:56:16] [INFO] => Processed:95068410
[2025-12-09 01:57:30] [INFO] => webhook set succsesfuly
[2025-12-09 01:57:38] [INFO] => Processed:95068411
[2025-12-09 01:58:18] [INFO] => Processed:95068412
[2025-12-09 01:59:03] [INFO] => webhook set succsesfuly
[2025-12-09 01:59:06] [INFO] => Processed:95068413
[2025-12-09 02:03:33] [INFO] => webhook set succsesfuly
[2025-12-09 02:04:11] [INFO] => webhook set succsesfuly
[2025-12-09 02:04:52] [INFO] => webhook set succsesfuly
[2025-12-09 02:05:42] [INFO] => webhook set succsesfuly
[2025-12-09 02:06:14] [INFO] => webhook set succsesfuly
[2025-12-09 02:07:28] [INFO] => webhook set succsesfuly
[2025-12-09 02:07:59] [INFO] => Processed:95068414
[2025-12-09 02:08:35] [INFO] => Processed:95068415
[2025-12-09 02:09:15] [INFO] => webhook set succsesfuly
[2025-12-09 02:09:18] [INFO] => Processed:95068416
[2025-12-09 02:09:43] [INFO] => Processed:95068417
[2025-12-09 02:11:11] [INFO] => Processed:95068418
[2025-12-09 02:13:15] [INFO] => Processed:95068419
[2025-12-09 02:14:07] [INFO] => Processed:95068420
[2025-12-09 02:15:59] [INFO] => Processed:95068421
[2025-12-09 02:16:38] [INFO] => Processed:95068422
[2025-12-09 02:20:03] [INFO] => Processed:95068423
[2025-12-09 02:20:18] [INFO] => webhook set succsesfuly
[2025-12-09 02:20:22] [INFO] => Processed:95068424
[2025-12-09 02:21:03] [INFO] => webhook set succsesfuly
[2025-12-09 02:21:06] [INFO] => Processed:95068425
[2025-12-09 02:21:43] [INFO] => Processed:95068426
[2025-12-09 02:25:20] [INFO] => webhook set succsesfuly
[2025-12-09 02:25:25] [INFO] => Processed:95068427
[2025-12-09 02:27:04] [INFO] => webhook set succsesfuly
[2025-12-09 02:27:09] [INFO] => Processed:95068428
[2025-12-09 02:27:26] [INFO] => webhook set succsesfuly
[2025-12-09 02:27:29] [INFO] => Processed:95068429
[2025-12-09 02:28:13] [INFO] => Processed:95068430
[2025-12-09 02:29:04] [INFO] => webhook set succsesfuly
[2025-12-09 02:29:07] [INFO] => Processed:95068431
[2025-12-09 02:29:27] [INFO] => Processed:95068432
[2025-12-09 02:35:25] [INFO] => webhook set succsesfuly
[2025-12-09 02:35:25] [INFO] => Router is already attached to <Dispatcher '0x21d906b97f0'>
[2025-12-09 02:35:33] [INFO] => Processed:95068433
[2025-12-09 02:37:48] [INFO] => Processed:95068434
[2025-12-09 02:38:26] [INFO] => webhook set succsesfuly
[2025-12-09 02:38:31] [INFO] => Processed:95068435
[2025-12-09 02:38:52] [INFO] => Processed:95068436
[2025-12-09 02:46:53] [INFO] => Processed:95068437
[2025-12-09 02:46:57] [INFO] => Processed:95068438
